<?xml version="1.0" encoding="UTF-8"?>
<!-- Generated by org.testng.reporters.JUnitXMLReporter -->
<testsuite ignored="0" hostname="BHANU-LAPTOP" failures="2" tests="2" name="Test" time="20.89" errors="0" timestamp="2023-02-17T07:59:24 IST">
  <testcase classname="scripts.InvalidLogin" name="testInvalidLogin" time="0.019">
    <failure type="java.lang.Error" message="Unresolved compilation problems: 
	Excel cannot be resolved
	Excel cannot be resolved
	LoginPage cannot be resolved to a type
	LoginPage cannot be resolved to a type
">
      <![CDATA[java.lang.Error: Unresolved compilation problems: 
Excel cannot be resolved
Excel cannot be resolved
LoginPage cannot be resolved to a type
LoginPage cannot be resolved to a type

at scripts.InvalidLogin.testInvalidLogin(InvalidLogin.java:17)
at java.base/java.util.ArrayList.forEach(ArrayList.java:1511)
... Removed 27 stack frames]]>
    </failure>
  </testcase> <!-- testInvalidLogin -->
  <testcase classname="scripts.ValidLogin" name="testValidLogin" time="0.007">
    <failure type="java.lang.Error" message="Unresolved compilation problems: 
	Excel cannot be resolved
	Excel cannot be resolved
	LoginPage cannot be resolved to a type
	LoginPage cannot be resolved to a type
	ETTPage cannot be resolved to a type
	ETTPage cannot be resolved to a type
">
      <![CDATA[java.lang.Error: Unresolved compilation problems: 
Excel cannot be resolved
Excel cannot be resolved
LoginPage cannot be resolved to a type
LoginPage cannot be resolved to a type
ETTPage cannot be resolved to a type
ETTPage cannot be resolved to a type

at scripts.ValidLogin.testValidLogin(ValidLogin.java:17)
at java.base/java.util.ArrayList.forEach(ArrayList.java:1511)
... Removed 27 stack frames]]>
    </failure>
  </testcase> <!-- testValidLogin -->
</testsuite> <!-- Test -->
