<?xml version="1.0" encoding="UTF-8"?>
<testng-results ignored="0" total="1" passed="1" failed="0" skipped="0">
  <reporter-output>
    <line>
      <![CDATA[Open the browser:chrome]]>
    </line>
    <line>
      <![CDATA[Enter the URL:https://demo.actitime.com/login.do]]>
    </line>
    <line>
      <![CDATA[Maximize the browser]]>
    </line>
    <line>
      <![CDATA[Set the TimeOut:10]]>
    </line>
    <line>
      <![CDATA[HomePage is displayed]]>
    </line>
    <line>
      <![CDATA[Close the browser]]>
    </line>
  </reporter-output>
  <suite started-at="2023-02-15T09:10:38 IST" name="Suite" finished-at="2023-02-15T09:10:52 IST" duration-ms="14457">
    <groups>
    </groups>
    <test started-at="2023-02-15T09:10:38 IST" name="Test" finished-at="2023-02-15T09:10:52 IST" duration-ms="14457">
      <class name="scripts.ValidLogin">
        <test-method is-config="true" signature="openApp(java.lang.String,java.lang.String,java.lang.String)[pri:0, instance:scripts.ValidLogin@1b7cc17c]" started-at="2023-02-15T09:10:38 IST" name="openApp" finished-at="2023-02-15T09:10:47 IST" duration-ms="8855" status="PASS">
          <params>
            <param index="0">
              <value>
                <![CDATA[chrome]]>
              </value>
            </param>
            <param index="1">
              <value>
                <![CDATA[https://demo.actitime.com/login.do]]>
              </value>
            </param>
            <param index="2">
              <value>
                <![CDATA[10]]>
              </value>
            </param>
          </params>
          <reporter-output>
            <line>
              <![CDATA[Open the browser:chrome]]>
            </line>
            <line>
              <![CDATA[Enter the URL:https://demo.actitime.com/login.do]]>
            </line>
            <line>
              <![CDATA[Maximize the browser]]>
            </line>
            <line>
              <![CDATA[Set the TimeOut:10]]>
            </line>
          </reporter-output>
        </test-method> <!-- openApp -->
        <test-method signature="testValidLogin()[pri:1, instance:scripts.ValidLogin@1b7cc17c]" started-at="2023-02-15T09:10:47 IST" name="testValidLogin" finished-at="2023-02-15T09:10:51 IST" duration-ms="4834" status="PASS">
          <reporter-output>
            <line>
              <![CDATA[HomePage is displayed]]>
            </line>
          </reporter-output>
        </test-method> <!-- testValidLogin -->
        <test-method is-config="true" signature="closeApp()[pri:0, instance:scripts.ValidLogin@1b7cc17c]" started-at="2023-02-15T09:10:51 IST" name="closeApp" finished-at="2023-02-15T09:10:52 IST" duration-ms="674" status="PASS">
          <reporter-output>
            <line>
              <![CDATA[Close the browser]]>
            </line>
          </reporter-output>
        </test-method> <!-- closeApp -->
      </class> <!-- scripts.ValidLogin -->
    </test> <!-- Test -->
  </suite> <!-- Suite -->
</testng-results>
